<?xml version="1.0" encoding="UTF-8"?>
<testsuite name="com.example.calcucom.shared.engine.PricingEngineTest" tests="5" skipped="0" failures="0" errors="0" timestamp="2026-06-03T00:24:35.467Z" hostname="Scutis-Mac-mini" time="0.05">
  <properties/>
  <testcase name="testCalculateBundle" classname="com.example.calcucom.shared.engine.PricingEngineTest" time="0.047"/>
  <testcase name="testCalculateOptimalPrice" classname="com.example.calcucom.shared.engine.PricingEngineTest" time="0.0"/>
  <testcase name="testGetAdminRate" classname="com.example.calcucom.shared.engine.PricingEngineTest" time="0.0"/>
  <testcase name="testCalculateROAS" classname="com.example.calcucom.shared.engine.PricingEngineTest" time="0.001"/>
  <testcase name="testCalculateFeesSingle" classname="com.example.calcucom.shared.engine.PricingEngineTest" time="0.001"/>
  <system-out><![CDATA[]]></system-out>
  <system-err><![CDATA[]]></system-err>
</testsuite>
